#
# A fatal error has been detected by the Java Runtime Environment:
#
#  EXCEPTION_ACCESS_VIOLATION (0xc0000005) at pc=0x776c9c7f, pid=4712, tid=5916
#
# JRE version: 6.0_33-b03
# Java VM: Java HotSpot(TM) Client VM (20.8-b03 mixed mode, sharing windows-x86 )
# Problematic frame:
# C  [msvcrt.dll+0x9c7f]
#
# If you would like to submit a bug report, please visit:
#   http://java.sun.com/webapps/bugreport/crash.jsp
# The crash happened outside the Java Virtual Machine in native code.
# See problematic frame for where to report the bug.
#

---------------  T H R E A D  ---------------

Current thread (0x03fc8000):  JavaThread "LWJGL Application" [_thread_in_native, id=5916, stack(0x048f0000,0x04940000)]

siginfo: ExceptionCode=0xc0000005, writing address 0x00000000

Registers:
EAX=0x00000000, EBX=0x00000000, ECX=0x00000b79, EDX=0x00000040
ESP=0x0493f9f4, EBP=0x0493f9f8, ESI=0x23351e80, EDI=0x00000000
EIP=0x776c9c7f, EFLAGS=0x00010202

Top of Stack: (sp=0x0493f9f4)
0x0493f9f4:   00000000 0493fa18 776c9c39 00000000
0x0493fa04:   0005bc80 03fc8000 00000040 0005bcc0
0x0493fa14:   03fc8000 0493fa68 690a9c45 00000000
0x0493fa24:   00000000 0005bcc0 00000000 23873858
0x0493fa34:   04f16400 04f844a8 00000000 0493fa70
0x0493fa44:   03fc8000 0493fa88 01c70206 03fc8128
0x0493fa54:   0493fa70 0493fa68 00000000 0493faac
0x0493fa64:   03fc8000 0493fa88 690a22d3 23351e80 

Instructions: (pc=0x776c9c7f)
0x776c9c5f:   e5 5d c3 90 90 90 90 90 8b c0 55 8b ec 83 ec 04
0x776c9c6f:   89 7d fc 8b 7d 08 8b 4d 0c c1 e9 07 66 0f ef c0
0x776c9c7f:   66 0f 7f 07 66 0f 7f 47 10 66 0f 7f 47 20 66 0f
0x776c9c8f:   7f 47 30 66 0f 7f 47 40 66 0f 7f 47 50 66 0f 7f 


Register to memory mapping:

EAX=0x00000000 is an unknown value
EBX=0x00000000 is an unknown value
ECX=0x00000b79 is an unknown value
EDX=0x00000040 is an unknown value
ESP=0x0493f9f4 is pointing into the stack for thread: 0x03fc8000
EBP=0x0493f9f8 is pointing into the stack for thread: 0x03fc8000
ESI=0x23351e80 is an unknown value
EDI=0x00000000 is an unknown value


Stack: [0x048f0000,0x04940000],  sp=0x0493f9f4,  free space=318k
Native frames: (J=compiled Java code, j=interpreted, Vv=VM code, C=native code)

[error occurred during error reporting (printing native stack), id 0xc0000005]

Java frames: (J=compiled Java code, j=interpreted, Vv=VM code)
J  com.badlogic.gdx.graphics.g2d.Gdx2DPixmap.clear(JI)V
J  com.badlogic.gdx.graphics.Pixmap.<init>(IILcom/badlogic/gdx/graphics/Pixmap$Format;)V
J  ru.ifmo.enf.optiks.screen.GameScreen.render(F)V
J  ru.ifmo.enf.optiks.OptiksGame.render()V
j  com.badlogic.gdx.backends.lwjgl.LwjglApplication.mainLoop()V+469
j  com.badlogic.gdx.backends.lwjgl.LwjglApplication$1.run()V+27
v  ~StubRoutines::call_stub

---------------  P R O C E S S  ---------------

Java Threads: ( => current thread )
  0x07d43400 JavaThread "AssetManager-Loader-Thread" daemon [_thread_blocked, id=4816, stack(0x049d0000,0x04a20000)]
  0x00509c00 JavaThread "DestroyJavaVM" [_thread_blocked, id=3556, stack(0x00170000,0x001c0000)]
=>0x03fc8000 JavaThread "LWJGL Application" [_thread_in_native, id=5916, stack(0x048f0000,0x04940000)]
  0x03f07400 JavaThread "Monitor Ctrl-Break" daemon [_thread_in_native, id=6124, stack(0x04090000,0x040e0000)]
  0x01aefc00 JavaThread "Low Memory Detector" daemon [_thread_blocked, id=5116, stack(0x03df0000,0x03e40000)]
  0x01aeb800 JavaThread "C1 CompilerThread0" daemon [_thread_blocked, id=4784, stack(0x03da0000,0x03df0000)]
  0x01aea800 JavaThread "Attach Listener" daemon [_thread_blocked, id=5328, stack(0x03d50000,0x03da0000)]
  0x01ae5800 JavaThread "Signal Dispatcher" daemon [_thread_blocked, id=1820, stack(0x03d00000,0x03d50000)]
  0x01adc800 JavaThread "Finalizer" daemon [_thread_blocked, id=5004, stack(0x03cb0000,0x03d00000)]
  0x01adb000 JavaThread "Reference Handler" daemon [_thread_blocked, id=5896, stack(0x03c60000,0x03cb0000)]

Other Threads:
  0x01a9e800 VMThread [stack: 0x03c10000,0x03c60000] [id=3316]
  0x01b01c00 WatcherThread [stack: 0x03e40000,0x03e90000] [id=2040]

VM state:not at safepoint (normal execution)

VM Mutex/Monitor currently owned by a thread: None

Heap
 def new generation   total 4928K, used 3928K [0x237a0000, 0x23cf0000, 0x28cf0000)
  eden space 4416K,  83% used [0x237a0000, 0x23b34998, 0x23bf0000)
  from space 512K,  51% used [0x23bf0000, 0x23c31a48, 0x23c70000)
  to   space 512K,   0% used [0x23c70000, 0x23c70000, 0x23cf0000)
 tenured generation   total 10944K, used 270K [0x28cf0000, 0x297a0000, 0x337a0000)
   the space 10944K,   2% used [0x28cf0000, 0x28d33988, 0x28d33a00, 0x297a0000)
 compacting perm gen  total 12288K, used 3258K [0x337a0000, 0x343a0000, 0x377a0000)
   the space 12288K,  26% used [0x337a0000, 0x33ace940, 0x33acea00, 0x343a0000)
    ro space 10240K,  54% used [0x377a0000, 0x37d1f260, 0x37d1f400, 0x381a0000)
    rw space 12288K,  55% used [0x381a0000, 0x38843000, 0x38843000, 0x38da0000)

Code Cache  [0x01b60000, 0x01c80000, 0x03b60000)
 total_blobs=650 nmethods=402 adapters=184 free_code_cache=32390400 largest_free_block=0

Dynamic libraries:
0x00400000 - 0x00425000 	C:\Program Files\Java\jdk1.6.0_33\bin\java.exe
0x77770000 - 0x778ac000 	C:\Windows\SYSTEM32\ntdll.dll
0x75c80000 - 0x75d54000 	C:\Windows\system32\kernel32.dll
0x75b60000 - 0x75baa000 	C:\Windows\system32\KERNELBASE.dll
0x77200000 - 0x772a0000 	C:\Windows\system32\ADVAPI32.dll
0x776c0000 - 0x7776c000 	C:\Windows\system32\msvcrt.dll
0x77980000 - 0x77999000 	C:\Windows\SYSTEM32\sechost.dll
0x77610000 - 0x776b1000 	C:\Windows\system32\RPCRT4.dll
0x7c340000 - 0x7c396000 	C:\Program Files\Java\jdk1.6.0_33\jre\bin\msvcr71.dll
0x6d8c0000 - 0x6db6f000 	C:\Program Files\Java\jdk1.6.0_33\jre\bin\client\jvm.dll
0x75f30000 - 0x75ff9000 	C:\Windows\system32\USER32.dll
0x75ed0000 - 0x75f1e000 	C:\Windows\system32\GDI32.dll
0x75f20000 - 0x75f2a000 	C:\Windows\system32\LPK.dll
0x778e0000 - 0x7797d000 	C:\Windows\system32\USP10.dll
0x74030000 - 0x74062000 	C:\Windows\system32\WINMM.dll
0x770c0000 - 0x770df000 	C:\Windows\system32\IMM32.DLL
0x76ff0000 - 0x770bc000 	C:\Windows\system32\MSCTF.dll
0x75830000 - 0x7587c000 	C:\Windows\system32\apphelp.dll
0x6d870000 - 0x6d87c000 	C:\Program Files\Java\jdk1.6.0_33\jre\bin\verify.dll
0x6d3d0000 - 0x6d3ef000 	C:\Program Files\Java\jdk1.6.0_33\jre\bin\java.dll
0x6d8b0000 - 0x6d8bf000 	C:\Program Files\Java\jdk1.6.0_33\jre\bin\zip.dll
0x10000000 - 0x10007000 	C:\Program Files\JetBrains\IntelliJ IDEA Community Edition 11.1.2\bin\breakgen.dll
0x6d6b0000 - 0x6d6c3000 	C:\Program Files\Java\jdk1.6.0_33\jre\bin\net.dll
0x775a0000 - 0x775d5000 	C:\Windows\system32\WS2_32.dll
0x77600000 - 0x77606000 	C:\Windows\system32\NSI.dll
0x75370000 - 0x753ac000 	C:\Windows\system32\mswsock.dll
0x75360000 - 0x75366000 	C:\Windows\System32\wship6.dll
0x74e90000 - 0x74e95000 	C:\Windows\System32\wshtcpip.dll
0x69080000 - 0x690e3000 	C:\Users\Dududko\AppData\Local\Temp\libgdxDududko\553733341\gdx.dll
0x04250000 - 0x042c3000 	C:\Users\Dududko\AppData\Local\Temp\libgdxDududko\553733341\lwjgl.dll
0x745e0000 - 0x7477e000 	C:\Windows\WinSxS\x86_microsoft.windows.common-controls_6595b64144ccf1df_6.0.7601.17514_none_41e6975e2bd6f2b2\COMCTL32.dll
0x76060000 - 0x760b7000 	C:\Windows\system32\SHLWAPI.dll
0x6c1d0000 - 0x6c298000 	C:\Windows\system32\OPENGL32.dll
0x6dcc0000 - 0x6dce2000 	C:\Windows\system32\GLU32.dll
0x69d90000 - 0x69e77000 	C:\Windows\system32\DDRAW.dll
0x73b60000 - 0x73b66000 	C:\Windows\system32\DCIMAN32.dll
0x77400000 - 0x7759d000 	C:\Windows\system32\SETUPAPI.dll
0x75bd0000 - 0x75bf7000 	C:\Windows\system32\CFGMGR32.dll
0x76f60000 - 0x76fef000 	C:\Windows\system32\OLEAUT32.dll
0x772a0000 - 0x773fc000 	C:\Windows\system32\ole32.dll
0x75bb0000 - 0x75bc2000 	C:\Windows\system32\DEVOBJ.dll
0x74300000 - 0x74313000 	C:\Windows\system32\dwmapi.dll
0x74e00000 - 0x74e09000 	C:\Windows\system32\VERSION.dll
0x04420000 - 0x04481000 	C:\Users\Dududko\AppData\Local\Temp\libgdxDududko\553733341\OpenAL32.dll
0x760c0000 - 0x76d0a000 	C:\Windows\system32\SHELL32.dll
0x75880000 - 0x7588c000 	C:\Windows\system32\CRYPTBASE.dll
0x74bd0000 - 0x74c10000 	C:\Windows\system32\uxtheme.dll
0x76d10000 - 0x76d93000 	C:\Windows\system32\CLBCatQ.DLL
0x74a50000 - 0x74b45000 	C:\Windows\System32\PROPSYS.dll
0x75aa0000 - 0x75acd000 	C:\Windows\system32\WINTRUST.dll
0x75980000 - 0x75a9e000 	C:\Windows\system32\CRYPT32.dll
0x75970000 - 0x7597c000 	C:\Windows\system32\MSASN1.dll
0x69eb0000 - 0x69f22000 	C:\Windows\system32\dsound.dll
0x74b90000 - 0x74bb5000 	C:\Windows\system32\POWRPROF.dll
0x04610000 - 0x04647000 	C:\Program Files\Acer\Acer ePower Management\SysHook.dll
0x71290000 - 0x712e1000 	C:\Windows\system32\WINSPOOL.DRV
0x74b50000 - 0x74b89000 	C:\Windows\System32\MMDevApi.dll
0x73f10000 - 0x73f46000 	C:\Windows\system32\AUDIOSES.DLL
0x04e80000 - 0x05b33000 	C:\Windows\system32\ig4icd32.dll
0x68a50000 - 0x68ac9000 	C:\Windows\system32\mscms.dll
0x74f60000 - 0x74f77000 	C:\Windows\system32\USERENV.dll
0x75900000 - 0x7590b000 	C:\Windows\system32\profapi.dll
0x69f30000 - 0x69f68000 	C:\Windows\system32\icm32.dll
0x775e0000 - 0x775e5000 	C:\Windows\system32\PSAPI.DLL

VM Arguments:
jvm_args: -Didea.launcher.port=7533 -Didea.launcher.bin.path=C:\Program Files\JetBrains\IntelliJ IDEA Community Edition 11.1.2\bin -Dfile.encoding=UTF-8 
java_command: com.intellij.rt.execution.application.AppMain ru.ifmo.enf.optiks.MainDesktop
Launcher Type: SUN_STANDARD

Environment Variables:
PATH=C:\Program Files\JetBrains\IntelliJ IDEA Community Edition 11.1.2\bin\..\.\bin;C:\Windows\system32;C:\Windows;C:\Windows\System32\Wbem;C:\Windows\System32\WindowsPowerShell\v1.0\;c:\program files\jetbrains\intellij idea community edition 11.1.2\jre\jre\bin
USERNAME=Dududko
OS=Windows_NT
PROCESSOR_IDENTIFIER=x86 Family 6 Model 42 Stepping 7, GenuineIntel



---------------  S Y S T E M  ---------------

OS: Windows 7 Build 7601 Service Pack 1

CPU:total 4 (2 cores per cpu, 2 threads per core) family 6 model 42 stepping 7, cmov, cx8, fxsr, mmx, sse, sse2, sse3, ssse3, sse4.1, sse4.2, popcnt, ht

Memory: 4k page, physical 2733936k(77972k free), swap 5466116k(914068k free)

vm_info: Java HotSpot(TM) Client VM (20.8-b03) for windows-x86 JRE (1.6.0_33-b03), built on May  9 2012 09:39:57 by "java_re" with MS VC++ 7.1 (VS2003)

time: Tue Sep 18 01:16:07 2012
elapsed time: 69 seconds

